#! /usr/bin/vvp
:ivl_version "12.0 (stable)";
:ivl_delay_selection "TYPICAL";
:vpi_time_precision + 0;
:vpi_module "/usr/lib/x86_64-linux-gnu/ivl/system.vpi";
:vpi_module "/usr/lib/x86_64-linux-gnu/ivl/vhdl_sys.vpi";
:vpi_module "/usr/lib/x86_64-linux-gnu/ivl/vhdl_textio.vpi";
:vpi_module "/usr/lib/x86_64-linux-gnu/ivl/v2005_math.vpi";
:vpi_module "/usr/lib/x86_64-linux-gnu/ivl/va_math.vpi";
S_0x5727bd5e7240 .scope module, "and_gate_tb" "and_gate_tb" 2 2;
 .timescale 0 0;
v0x5727bd606750_0 .var "a", 0 0;
v0x5727bd606820_0 .var "b", 0 0;
v0x5727bd6068f0_0 .var "c", 0 0;
v0x5727bd6069f0_0 .var "d", 0 0;
v0x5727bd606ac0_0 .net "e", 0 0, L_0x5727bd606d90;  1 drivers
v0x5727bd606c00_0 .net "f", 0 0, L_0x5727bd606ea0;  1 drivers
v0x5727bd606cf0_0 .net "y", 0 0, L_0x5727bd606fb0;  1 drivers
S_0x5727bd5e73d0 .scope module, "U_and_gate" "and_gate" 2 62, 3 1 0, S_0x5727bd5e7240;
 .timescale 0 0;
    .port_info 0 /INPUT 1 "a";
    .port_info 1 /INPUT 1 "b";
    .port_info 2 /OUTPUT 1 "y";
L_0x5727bd606d90 .functor AND 1, v0x5727bd606750_0, v0x5727bd606820_0, C4<1>, C4<1>;
v0x5727bd5e7600_0 .net "a", 0 0, v0x5727bd606750_0;  1 drivers
v0x5727bd605ba0_0 .net "b", 0 0, v0x5727bd606820_0;  1 drivers
v0x5727bd605c60_0 .net "y", 0 0, L_0x5727bd606d90;  alias, 1 drivers
S_0x5727bd605d80 .scope module, "U_and_gate2" "and_gate" 2 68, 3 1 0, S_0x5727bd5e7240;
 .timescale 0 0;
    .port_info 0 /INPUT 1 "a";
    .port_info 1 /INPUT 1 "b";
    .port_info 2 /OUTPUT 1 "y";
L_0x5727bd606ea0 .functor AND 1, v0x5727bd6068f0_0, v0x5727bd6069f0_0, C4<1>, C4<1>;
v0x5727bd605fb0_0 .net "a", 0 0, v0x5727bd6068f0_0;  1 drivers
v0x5727bd606090_0 .net "b", 0 0, v0x5727bd6069f0_0;  1 drivers
v0x5727bd606150_0 .net "y", 0 0, L_0x5727bd606ea0;  alias, 1 drivers
S_0x5727bd606270 .scope module, "U_and_gate3" "and_gate" 2 74, 3 1 0, S_0x5727bd5e7240;
 .timescale 0 0;
    .port_info 0 /INPUT 1 "a";
    .port_info 1 /INPUT 1 "b";
    .port_info 2 /OUTPUT 1 "y";
L_0x5727bd606fb0 .functor AND 1, L_0x5727bd606d90, L_0x5727bd606ea0, C4<1>, C4<1>;
v0x5727bd6064a0_0 .net "a", 0 0, L_0x5727bd606d90;  alias, 1 drivers
v0x5727bd606570_0 .net "b", 0 0, L_0x5727bd606ea0;  alias, 1 drivers
v0x5727bd606640_0 .net "y", 0 0, L_0x5727bd606fb0;  alias, 1 drivers
    .scope S_0x5727bd5e7240;
T_0 ;
    %vpi_call 2 11 "$dumpfile", "file.vcd" {0 0 0};
    %vpi_call 2 12 "$dumpvars", 32'sb00000000000000000000000000000000, S_0x5727bd5e7240 {0 0 0};
    %vpi_call 2 14 "$display", "time\011 a b c d e f y" {0 0 0};
    %vpi_call 2 15 "$monitor", "%g\011 %b %b %b %b %b %b %b", $time, v0x5727bd606750_0, v0x5727bd606820_0, v0x5727bd6068f0_0, v0x5727bd6069f0_0, v0x5727bd606ac0_0, v0x5727bd606c00_0, v0x5727bd606cf0_0 {0 0 0};
    %pushi/vec4 0, 0, 1;
    %store/vec4 v0x5727bd606750_0, 0, 1;
    %pushi/vec4 0, 0, 1;
    %store/vec4 v0x5727bd606820_0, 0, 1;
    %pushi/vec4 0, 0, 1;
    %store/vec4 v0x5727bd6068f0_0, 0, 1;
    %pushi/vec4 0, 0, 1;
    %store/vec4 v0x5727bd6069f0_0, 0, 1;
    %delay 5, 0;
    %pushi/vec4 0, 0, 1;
    %store/vec4 v0x5727bd6068f0_0, 0, 1;
    %pushi/vec4 1, 0, 1;
    %store/vec4 v0x5727bd6069f0_0, 0, 1;
    %delay 5, 0;
    %pushi/vec4 1, 0, 1;
    %store/vec4 v0x5727bd6068f0_0, 0, 1;
    %pushi/vec4 0, 0, 1;
    %store/vec4 v0x5727bd6069f0_0, 0, 1;
    %delay 5, 0;
    %pushi/vec4 1, 0, 1;
    %store/vec4 v0x5727bd6068f0_0, 0, 1;
    %pushi/vec4 1, 0, 1;
    %store/vec4 v0x5727bd6069f0_0, 0, 1;
    %delay 5, 0;
    %pushi/vec4 0, 0, 1;
    %store/vec4 v0x5727bd6068f0_0, 0, 1;
    %pushi/vec4 0, 0, 1;
    %store/vec4 v0x5727bd6069f0_0, 0, 1;
    %delay 5, 0;
    %pushi/vec4 0, 0, 1;
    %store/vec4 v0x5727bd606750_0, 0, 1;
    %pushi/vec4 0, 0, 1;
    %store/vec4 v0x5727bd606820_0, 0, 1;
    %delay 5, 0;
    %pushi/vec4 0, 0, 1;
    %store/vec4 v0x5727bd606750_0, 0, 1;
    %pushi/vec4 1, 0, 1;
    %store/vec4 v0x5727bd606820_0, 0, 1;
    %delay 5, 0;
    %pushi/vec4 1, 0, 1;
    %store/vec4 v0x5727bd606750_0, 0, 1;
    %pushi/vec4 0, 0, 1;
    %store/vec4 v0x5727bd606820_0, 0, 1;
    %delay 5, 0;
    %pushi/vec4 1, 0, 1;
    %store/vec4 v0x5727bd606750_0, 0, 1;
    %pushi/vec4 1, 0, 1;
    %store/vec4 v0x5727bd606820_0, 0, 1;
    %delay 5, 0;
    %pushi/vec4 0, 0, 1;
    %store/vec4 v0x5727bd606750_0, 0, 1;
    %pushi/vec4 0, 0, 1;
    %store/vec4 v0x5727bd606820_0, 0, 1;
    %pushi/vec4 0, 0, 1;
    %store/vec4 v0x5727bd6068f0_0, 0, 1;
    %pushi/vec4 0, 0, 1;
    %store/vec4 v0x5727bd6069f0_0, 0, 1;
    %delay 5, 0;
    %pushi/vec4 0, 0, 1;
    %store/vec4 v0x5727bd606750_0, 0, 1;
    %pushi/vec4 1, 0, 1;
    %store/vec4 v0x5727bd606820_0, 0, 1;
    %pushi/vec4 0, 0, 1;
    %store/vec4 v0x5727bd6068f0_0, 0, 1;
    %pushi/vec4 1, 0, 1;
    %store/vec4 v0x5727bd6069f0_0, 0, 1;
    %delay 5, 0;
    %pushi/vec4 1, 0, 1;
    %store/vec4 v0x5727bd606750_0, 0, 1;
    %pushi/vec4 0, 0, 1;
    %store/vec4 v0x5727bd606820_0, 0, 1;
    %pushi/vec4 1, 0, 1;
    %store/vec4 v0x5727bd6068f0_0, 0, 1;
    %pushi/vec4 0, 0, 1;
    %store/vec4 v0x5727bd6069f0_0, 0, 1;
    %delay 5, 0;
    %pushi/vec4 1, 0, 1;
    %store/vec4 v0x5727bd606750_0, 0, 1;
    %pushi/vec4 1, 0, 1;
    %store/vec4 v0x5727bd606820_0, 0, 1;
    %pushi/vec4 1, 0, 1;
    %store/vec4 v0x5727bd6068f0_0, 0, 1;
    %pushi/vec4 1, 0, 1;
    %store/vec4 v0x5727bd6069f0_0, 0, 1;
    %delay 5, 0;
    %pushi/vec4 0, 0, 1;
    %store/vec4 v0x5727bd606750_0, 0, 1;
    %pushi/vec4 0, 0, 1;
    %store/vec4 v0x5727bd606820_0, 0, 1;
    %pushi/vec4 0, 0, 1;
    %store/vec4 v0x5727bd6068f0_0, 0, 1;
    %pushi/vec4 0, 0, 1;
    %store/vec4 v0x5727bd6069f0_0, 0, 1;
    %delay 5, 0;
    %pushi/vec4 0, 0, 1;
    %store/vec4 v0x5727bd606750_0, 0, 1;
    %pushi/vec4 0, 0, 1;
    %store/vec4 v0x5727bd606820_0, 0, 1;
    %pushi/vec4 0, 0, 1;
    %store/vec4 v0x5727bd6068f0_0, 0, 1;
    %pushi/vec4 0, 0, 1;
    %store/vec4 v0x5727bd6069f0_0, 0, 1;
    %delay 5, 0;
    %pushi/vec4 0, 0, 1;
    %store/vec4 v0x5727bd606750_0, 0, 1;
    %pushi/vec4 0, 0, 1;
    %store/vec4 v0x5727bd606820_0, 0, 1;
    %pushi/vec4 0, 0, 1;
    %store/vec4 v0x5727bd6068f0_0, 0, 1;
    %pushi/vec4 0, 0, 1;
    %store/vec4 v0x5727bd6069f0_0, 0, 1;
    %delay 5, 0;
    %pushi/vec4 0, 0, 1;
    %store/vec4 v0x5727bd606750_0, 0, 1;
    %pushi/vec4 0, 0, 1;
    %store/vec4 v0x5727bd606820_0, 0, 1;
    %pushi/vec4 0, 0, 1;
    %store/vec4 v0x5727bd6068f0_0, 0, 1;
    %pushi/vec4 0, 0, 1;
    %store/vec4 v0x5727bd6069f0_0, 0, 1;
    %delay 5, 0;
    %vpi_call 2 59 "$finish" {0 0 0};
    %end;
    .thread T_0;
# The file index is used to find the file name in the following table.
:file_names 4;
    "N/A";
    "<interactive>";
    "and_gate_tb.v";
    "./and_gate.v";
