#! /usr/bin/vvp
:ivl_version "12.0 (stable)";
:ivl_delay_selection "TYPICAL";
:vpi_time_precision + 0;
:vpi_module "/usr/lib/x86_64-linux-gnu/ivl/system.vpi";
:vpi_module "/usr/lib/x86_64-linux-gnu/ivl/vhdl_sys.vpi";
:vpi_module "/usr/lib/x86_64-linux-gnu/ivl/vhdl_textio.vpi";
:vpi_module "/usr/lib/x86_64-linux-gnu/ivl/v2005_math.vpi";
:vpi_module "/usr/lib/x86_64-linux-gnu/ivl/va_math.vpi";
S_0x5c89b7562840 .scope module, "top_module_tb" "top_module_tb" 2 25;
 .timescale 0 0;
v0x5c89b75824b0_0 .var "e", 0 0;
v0x5c89b75825a0_0 .var "i", 3 0;
v0x5c89b75826b0_0 .net "y", 6 0, v0x5c89b7581fd0_0;  1 drivers
S_0x5c89b75629d0 .scope module, "uut" "top_module" 2 31, 2 3 0, S_0x5c89b7562840;
 .timescale 0 0;
    .port_info 0 /INPUT 4 "i";
    .port_info 1 /INPUT 1 "e";
    .port_info 2 /OUTPUT 7 "y";
v0x5c89b75820f0_0 .net "dec", 15 0, L_0x5c89b75928c0;  1 drivers
v0x5c89b7582200_0 .net "e", 0 0, v0x5c89b75824b0_0;  1 drivers
v0x5c89b75822c0_0 .net "i", 3 0, v0x5c89b75825a0_0;  1 drivers
v0x5c89b75823c0_0 .net "y", 6 0, v0x5c89b7581fd0_0;  alias, 1 drivers
S_0x5c89b7566920 .scope module, "d1" "decoder_4_to_16" 2 11, 3 1 0, S_0x5c89b75629d0;
 .timescale 0 0;
    .port_info 0 /INPUT 4 "a";
    .port_info 1 /INPUT 1 "e";
    .port_info 2 /OUTPUT 16 "y";
L_0x72cf9729e018 .functor BUFT 1, C4<0000000000000001>, C4<0>, C4<0>, C4<0>;
v0x5c89b7566b50_0 .net/2u *"_ivl_0", 15 0, L_0x72cf9729e018;  1 drivers
v0x5c89b75817e0_0 .net *"_ivl_2", 15 0, L_0x5c89b75927d0;  1 drivers
L_0x72cf9729e060 .functor BUFT 1, C4<0000000000000000>, C4<0>, C4<0>, C4<0>;
v0x5c89b75818c0_0 .net/2u *"_ivl_4", 15 0, L_0x72cf9729e060;  1 drivers
v0x5c89b7581980_0 .net "a", 3 0, v0x5c89b75825a0_0;  alias, 1 drivers
v0x5c89b7581a60_0 .net "e", 0 0, v0x5c89b75824b0_0;  alias, 1 drivers
v0x5c89b7581b70_0 .net "y", 15 0, L_0x5c89b75928c0;  alias, 1 drivers
L_0x5c89b75927d0 .shift/l 16, L_0x72cf9729e018, v0x5c89b75825a0_0;
L_0x5c89b75928c0 .functor MUXZ 16, L_0x72cf9729e060, L_0x5c89b75927d0, v0x5c89b75824b0_0, C4<>;
S_0x5c89b7581cd0 .scope module, "seg" "seven_segment_display" 2 17, 4 1 0, S_0x5c89b75629d0;
 .timescale 0 0;
    .port_info 0 /INPUT 16 "i";
    .port_info 1 /OUTPUT 7 "y";
v0x5c89b7581ef0_0 .net "i", 15 0, L_0x5c89b75928c0;  alias, 1 drivers
v0x5c89b7581fd0_0 .var "y", 6 0;
E_0x5c89b7529da0 .event anyedge, v0x5c89b7581b70_0;
    .scope S_0x5c89b7581cd0;
T_0 ;
    %wait E_0x5c89b7529da0;
    %load/vec4 v0x5c89b7581ef0_0;
    %dup/vec4;
    %pushi/vec4 1, 0, 16;
    %cmp/u;
    %jmp/1 T_0.0, 6;
    %dup/vec4;
    %pushi/vec4 2, 0, 16;
    %cmp/u;
    %jmp/1 T_0.1, 6;
    %dup/vec4;
    %pushi/vec4 4, 0, 16;
    %cmp/u;
    %jmp/1 T_0.2, 6;
    %dup/vec4;
    %pushi/vec4 8, 0, 16;
    %cmp/u;
    %jmp/1 T_0.3, 6;
    %dup/vec4;
    %pushi/vec4 16, 0, 16;
    %cmp/u;
    %jmp/1 T_0.4, 6;
    %dup/vec4;
    %pushi/vec4 32, 0, 16;
    %cmp/u;
    %jmp/1 T_0.5, 6;
    %dup/vec4;
    %pushi/vec4 64, 0, 16;
    %cmp/u;
    %jmp/1 T_0.6, 6;
    %dup/vec4;
    %pushi/vec4 128, 0, 16;
    %cmp/u;
    %jmp/1 T_0.7, 6;
    %dup/vec4;
    %pushi/vec4 256, 0, 16;
    %cmp/u;
    %jmp/1 T_0.8, 6;
    %dup/vec4;
    %pushi/vec4 512, 0, 16;
    %cmp/u;
    %jmp/1 T_0.9, 6;
    %dup/vec4;
    %pushi/vec4 1024, 0, 16;
    %cmp/u;
    %jmp/1 T_0.10, 6;
    %dup/vec4;
    %pushi/vec4 2048, 0, 16;
    %cmp/u;
    %jmp/1 T_0.11, 6;
    %dup/vec4;
    %pushi/vec4 4096, 0, 16;
    %cmp/u;
    %jmp/1 T_0.12, 6;
    %dup/vec4;
    %pushi/vec4 8192, 0, 16;
    %cmp/u;
    %jmp/1 T_0.13, 6;
    %dup/vec4;
    %pushi/vec4 16384, 0, 16;
    %cmp/u;
    %jmp/1 T_0.14, 6;
    %dup/vec4;
    %pushi/vec4 32768, 0, 16;
    %cmp/u;
    %jmp/1 T_0.15, 6;
    %pushi/vec4 0, 0, 7;
    %store/vec4 v0x5c89b7581fd0_0, 0, 7;
    %jmp T_0.17;
T_0.0 ;
    %pushi/vec4 63, 0, 7;
    %store/vec4 v0x5c89b7581fd0_0, 0, 7;
    %jmp T_0.17;
T_0.1 ;
    %pushi/vec4 6, 0, 7;
    %store/vec4 v0x5c89b7581fd0_0, 0, 7;
    %jmp T_0.17;
T_0.2 ;
    %pushi/vec4 91, 0, 7;
    %store/vec4 v0x5c89b7581fd0_0, 0, 7;
    %jmp T_0.17;
T_0.3 ;
    %pushi/vec4 79, 0, 7;
    %store/vec4 v0x5c89b7581fd0_0, 0, 7;
    %jmp T_0.17;
T_0.4 ;
    %pushi/vec4 102, 0, 7;
    %store/vec4 v0x5c89b7581fd0_0, 0, 7;
    %jmp T_0.17;
T_0.5 ;
    %pushi/vec4 109, 0, 7;
    %store/vec4 v0x5c89b7581fd0_0, 0, 7;
    %jmp T_0.17;
T_0.6 ;
    %pushi/vec4 125, 0, 7;
    %store/vec4 v0x5c89b7581fd0_0, 0, 7;
    %jmp T_0.17;
T_0.7 ;
    %pushi/vec4 7, 0, 7;
    %store/vec4 v0x5c89b7581fd0_0, 0, 7;
    %jmp T_0.17;
T_0.8 ;
    %pushi/vec4 127, 0, 7;
    %store/vec4 v0x5c89b7581fd0_0, 0, 7;
    %jmp T_0.17;
T_0.9 ;
    %pushi/vec4 111, 0, 7;
    %store/vec4 v0x5c89b7581fd0_0, 0, 7;
    %jmp T_0.17;
T_0.10 ;
    %pushi/vec4 119, 0, 7;
    %store/vec4 v0x5c89b7581fd0_0, 0, 7;
    %jmp T_0.17;
T_0.11 ;
    %pushi/vec4 124, 0, 7;
    %store/vec4 v0x5c89b7581fd0_0, 0, 7;
    %jmp T_0.17;
T_0.12 ;
    %pushi/vec4 57, 0, 7;
    %store/vec4 v0x5c89b7581fd0_0, 0, 7;
    %jmp T_0.17;
T_0.13 ;
    %pushi/vec4 94, 0, 7;
    %store/vec4 v0x5c89b7581fd0_0, 0, 7;
    %jmp T_0.17;
T_0.14 ;
    %pushi/vec4 121, 0, 7;
    %store/vec4 v0x5c89b7581fd0_0, 0, 7;
    %jmp T_0.17;
T_0.15 ;
    %pushi/vec4 113, 0, 7;
    %store/vec4 v0x5c89b7581fd0_0, 0, 7;
    %jmp T_0.17;
T_0.17 ;
    %pop/vec4 1;
    %jmp T_0;
    .thread T_0, $push;
    .scope S_0x5c89b7562840;
T_1 ;
    %vpi_call 2 38 "$dumpfile", "test.vcd" {0 0 0};
    %vpi_call 2 39 "$dumpvars", 32'sb00000000000000000000000000000000, S_0x5c89b7562840 {0 0 0};
    %vpi_call 2 41 "$display", "time\011 e i    gfedcba " {0 0 0};
    %vpi_call 2 42 "$monitor", "%g\011 %b %b %b ", $time, v0x5c89b75824b0_0, v0x5c89b75825a0_0, v0x5c89b75826b0_0 {0 0 0};
    %pushi/vec4 0, 0, 1;
    %store/vec4 v0x5c89b75824b0_0, 0, 1;
    %delay 10, 0;
    %pushi/vec4 1, 0, 1;
    %store/vec4 v0x5c89b75824b0_0, 0, 1;
    %pushi/vec4 0, 0, 4;
    %store/vec4 v0x5c89b75825a0_0, 0, 4;
    %delay 10, 0;
    %pushi/vec4 1, 0, 4;
    %store/vec4 v0x5c89b75825a0_0, 0, 4;
    %delay 10, 0;
    %pushi/vec4 2, 0, 4;
    %store/vec4 v0x5c89b75825a0_0, 0, 4;
    %delay 10, 0;
    %pushi/vec4 3, 0, 4;
    %store/vec4 v0x5c89b75825a0_0, 0, 4;
    %delay 10, 0;
    %pushi/vec4 4, 0, 4;
    %store/vec4 v0x5c89b75825a0_0, 0, 4;
    %delay 10, 0;
    %pushi/vec4 5, 0, 4;
    %store/vec4 v0x5c89b75825a0_0, 0, 4;
    %delay 10, 0;
    %pushi/vec4 6, 0, 4;
    %store/vec4 v0x5c89b75825a0_0, 0, 4;
    %delay 10, 0;
    %pushi/vec4 7, 0, 4;
    %store/vec4 v0x5c89b75825a0_0, 0, 4;
    %delay 10, 0;
    %pushi/vec4 8, 0, 4;
    %store/vec4 v0x5c89b75825a0_0, 0, 4;
    %delay 10, 0;
    %pushi/vec4 9, 0, 4;
    %store/vec4 v0x5c89b75825a0_0, 0, 4;
    %delay 10, 0;
    %pushi/vec4 10, 0, 4;
    %store/vec4 v0x5c89b75825a0_0, 0, 4;
    %delay 10, 0;
    %pushi/vec4 11, 0, 4;
    %store/vec4 v0x5c89b75825a0_0, 0, 4;
    %delay 10, 0;
    %pushi/vec4 12, 0, 4;
    %store/vec4 v0x5c89b75825a0_0, 0, 4;
    %delay 10, 0;
    %pushi/vec4 13, 0, 4;
    %store/vec4 v0x5c89b75825a0_0, 0, 4;
    %delay 10, 0;
    %pushi/vec4 14, 0, 4;
    %store/vec4 v0x5c89b75825a0_0, 0, 4;
    %delay 10, 0;
    %pushi/vec4 15, 0, 4;
    %store/vec4 v0x5c89b75825a0_0, 0, 4;
    %delay 10, 0;
    %vpi_call 2 63 "$finish" {0 0 0};
    %end;
    .thread T_1;
# The file index is used to find the file name in the following table.
:file_names 5;
    "N/A";
    "<interactive>";
    "top_module.v";
    "./decoder_4_to_16.v";
    "./seven_segment_display.v";
